{"D:\\phoneStore-rpc\\src\\sequelize.js": {"path":"D:\\phoneStore-rpc\\src\\sequelize.js","statementMap":{"0":{"start":{"line":1,"column":22},"end":{"line":1,"column":42}},"1":{"start":{"line":3,"column":18},"end":{"line":6,"column":2}},"2":{"start":{"line":8,"column":0},"end":{"line":8,"column":27}}},"fnMap":{},"branchMap":{},"s":{"0":2,"1":2,"2":2},"f":{},"b":{},"_coverageSchema":"1a1c01bbd47fc00a2c39e90264f33305004495a9","hash":"739cabba6811b496aefb72c999d7ccedafd0b11e"}
,"D:\\phoneStore-rpc\\src\\server.js": {"path":"D:\\phoneStore-rpc\\src\\server.js","statementMap":{"0":{"start":{"line":1,"column":16},"end":{"line":1,"column":34}},"1":{"start":{"line":2,"column":19},"end":{"line":2,"column":41}},"2":{"start":{"line":3,"column":13},"end":{"line":3,"column":28}},"3":{"start":{"line":10,"column":4},"end":{"line":10,"column":45}},"4":{"start":{"line":12,"column":12},"end":{"line":12,"column":21}},"5":{"start":{"line":13,"column":13},"end":{"line":13,"column":17}},"6":{"start":{"line":15,"column":0},"end":{"line":15,"column":27}},"7":{"start":{"line":16,"column":0},"end":{"line":16,"column":62}},"8":{"start":{"line":18,"column":0},"end":{"line":42,"column":3}},"9":{"start":{"line":19,"column":29},"end":{"line":19,"column":37}},"10":{"start":{"line":20,"column":2},"end":{"line":41,"column":3}},"11":{"start":{"line":22,"column":6},"end":{"line":22,"column":38}},"12":{"start":{"line":23,"column":6},"end":{"line":23,"column":12}},"13":{"start":{"line":25,"column":6},"end":{"line":25,"column":40}},"14":{"start":{"line":26,"column":6},"end":{"line":26,"column":12}},"15":{"start":{"line":28,"column":6},"end":{"line":28,"column":24}},"16":{"start":{"line":29,"column":6},"end":{"line":29,"column":34}},"17":{"start":{"line":30,"column":6},"end":{"line":30,"column":12}},"18":{"start":{"line":32,"column":6},"end":{"line":32,"column":24}},"19":{"start":{"line":33,"column":6},"end":{"line":33,"column":37}},"20":{"start":{"line":34,"column":6},"end":{"line":34,"column":12}},"21":{"start":{"line":36,"column":6},"end":{"line":36,"column":24}},"22":{"start":{"line":37,"column":6},"end":{"line":37,"column":37}},"23":{"start":{"line":38,"column":6},"end":{"line":38,"column":12}},"24":{"start":{"line":40,"column":6},"end":{"line":40,"column":60}},"25":{"start":{"line":44,"column":0},"end":{"line":48,"column":1}},"26":{"start":{"line":45,"column":2},"end":{"line":47,"column":5}},"27":{"start":{"line":46,"column":4},"end":{"line":46,"column":53}},"28":{"start":{"line":50,"column":0},"end":{"line":50,"column":21}}},"fnMap":{"0":{"name":"(anonymous_0)","decl":{"start":{"line":18,"column":17},"end":{"line":18,"column":18}},"loc":{"start":{"line":18,"column":37},"end":{"line":42,"column":1}},"line":18},"1":{"name":"(anonymous_1)","decl":{"start":{"line":45,"column":19},"end":{"line":45,"column":20}},"loc":{"start":{"line":45,"column":25},"end":{"line":47,"column":3}},"line":45}},"branchMap":{"0":{"loc":{"start":{"line":20,"column":2},"end":{"line":41,"column":3}},"type":"switch","locations":[{"start":{"line":21,"column":4},"end":{"line":23,"column":12}},{"start":{"line":24,"column":4},"end":{"line":26,"column":12}},{"start":{"line":27,"column":4},"end":{"line":30,"column":12}},{"start":{"line":31,"column":4},"end":{"line":34,"column":12}},{"start":{"line":35,"column":4},"end":{"line":38,"column":12}},{"start":{"line":39,"column":4},"end":{"line":40,"column":60}}],"line":20},"1":{"loc":{"start":{"line":44,"column":0},"end":{"line":48,"column":1}},"type":"if","locations":[{"start":{"line":44,"column":0},"end":{"line":48,"column":1}},{"start":{},"end":{}}],"line":44}},"s":{"0":1,"1":1,"2":1,"3":1,"4":1,"5":1,"6":1,"7":1,"8":1,"9":13,"10":13,"11":2,"12":2,"13":3,"14":3,"15":2,"16":2,"17":2,"18":3,"19":3,"20":3,"21":3,"22":3,"23":3,"24":0,"25":1,"26":0,"27":0,"28":1},"f":{"0":13,"1":0},"b":{"0":[2,3,2,3,3,0],"1":[0,1]},"_coverageSchema":"1a1c01bbd47fc00a2c39e90264f33305004495a9","hash":"5603206e86f6de8f9d6fd605bf41aa3a9e0e2ed6"}
,"D:\\phoneStore-rpc\\src\\controllers\\phonesController.js": {"path":"D:\\phoneStore-rpc\\src\\controllers\\phonesController.js","statementMap":{"0":{"start":{"line":1,"column":14},"end":{"line":1,"column":40}},"1":{"start":{"line":4,"column":2},"end":{"line":9,"column":3}},"2":{"start":{"line":5,"column":19},"end":{"line":5,"column":40}},"3":{"start":{"line":6,"column":4},"end":{"line":6,"column":21}},"4":{"start":{"line":8,"column":4},"end":{"line":8,"column":61}},"5":{"start":{"line":13,"column":19},"end":{"line":13,"column":27}},"6":{"start":{"line":14,"column":2},"end":{"line":22,"column":3}},"7":{"start":{"line":15,"column":18},"end":{"line":15,"column":44}},"8":{"start":{"line":16,"column":4},"end":{"line":18,"column":5}},"9":{"start":{"line":17,"column":6},"end":{"line":17,"column":64}},"10":{"start":{"line":19,"column":4},"end":{"line":19,"column":20}},"11":{"start":{"line":21,"column":4},"end":{"line":21,"column":61}},"12":{"start":{"line":26,"column":34},"end":{"line":26,"column":42}},"13":{"start":{"line":27,"column":2},"end":{"line":33,"column":3}},"14":{"start":{"line":28,"column":17},"end":{"line":28,"column":68}},"15":{"start":{"line":29,"column":4},"end":{"line":29,"column":54}},"16":{"start":{"line":30,"column":4},"end":{"line":30,"column":72}},"17":{"start":{"line":32,"column":4},"end":{"line":32,"column":61}},"18":{"start":{"line":37,"column":40},"end":{"line":37,"column":48}},"19":{"start":{"line":38,"column":2},"end":{"line":49,"column":3}},"20":{"start":{"line":39,"column":4},"end":{"line":39,"column":65}},"21":{"start":{"line":40,"column":18},"end":{"line":40,"column":44}},"22":{"start":{"line":41,"column":4},"end":{"line":43,"column":5}},"23":{"start":{"line":42,"column":6},"end":{"line":42,"column":64}},"24":{"start":{"line":44,"column":4},"end":{"line":44,"column":48}},"25":{"start":{"line":45,"column":4},"end":{"line":45,"column":74}},"26":{"start":{"line":47,"column":4},"end":{"line":47,"column":50}},"27":{"start":{"line":48,"column":4},"end":{"line":48,"column":61}},"28":{"start":{"line":53,"column":19},"end":{"line":53,"column":27}},"29":{"start":{"line":54,"column":2},"end":{"line":65,"column":3}},"30":{"start":{"line":55,"column":4},"end":{"line":55,"column":65}},"31":{"start":{"line":56,"column":18},"end":{"line":56,"column":44}},"32":{"start":{"line":57,"column":4},"end":{"line":59,"column":5}},"33":{"start":{"line":58,"column":6},"end":{"line":58,"column":64}},"34":{"start":{"line":60,"column":4},"end":{"line":60,"column":26}},"35":{"start":{"line":61,"column":4},"end":{"line":61,"column":74}},"36":{"start":{"line":63,"column":4},"end":{"line":63,"column":50}},"37":{"start":{"line":64,"column":4},"end":{"line":64,"column":61}},"38":{"start":{"line":68,"column":0},"end":{"line":74,"column":2}}},"fnMap":{"0":{"name":"getAllPhonesRPC","decl":{"start":{"line":3,"column":15},"end":{"line":3,"column":30}},"loc":{"start":{"line":3,"column":41},"end":{"line":10,"column":1}},"line":3},"1":{"name":"getPhoneByIMEIRPC","decl":{"start":{"line":12,"column":15},"end":{"line":12,"column":32}},"loc":{"start":{"line":12,"column":43},"end":{"line":23,"column":1}},"line":12},"2":{"name":"addPhoneRPC","decl":{"start":{"line":25,"column":15},"end":{"line":25,"column":26}},"loc":{"start":{"line":25,"column":37},"end":{"line":34,"column":1}},"line":25},"3":{"name":"updatePhoneRPC","decl":{"start":{"line":36,"column":15},"end":{"line":36,"column":29}},"loc":{"start":{"line":36,"column":40},"end":{"line":50,"column":1}},"line":36},"4":{"name":"deletePhoneRPC","decl":{"start":{"line":52,"column":15},"end":{"line":52,"column":29}},"loc":{"start":{"line":52,"column":40},"end":{"line":66,"column":1}},"line":52}},"branchMap":{"0":{"loc":{"start":{"line":16,"column":4},"end":{"line":18,"column":5}},"type":"if","locations":[{"start":{"line":16,"column":4},"end":{"line":18,"column":5}},{"start":{},"end":{}}],"line":16},"1":{"loc":{"start":{"line":41,"column":4},"end":{"line":43,"column":5}},"type":"if","locations":[{"start":{"line":41,"column":4},"end":{"line":43,"column":5}},{"start":{},"end":{}}],"line":41},"2":{"loc":{"start":{"line":57,"column":4},"end":{"line":59,"column":5}},"type":"if","locations":[{"start":{"line":57,"column":4},"end":{"line":59,"column":5}},{"start":{},"end":{}}],"line":57}},"s":{"0":2,"1":4,"2":4,"3":2,"4":2,"5":6,"6":6,"7":6,"8":4,"9":2,"10":2,"11":2,"12":4,"13":4,"14":4,"15":4,"16":2,"17":2,"18":6,"19":6,"20":6,"21":6,"22":4,"23":2,"24":2,"25":2,"26":2,"27":2,"28":6,"29":6,"30":6,"31":6,"32":4,"33":2,"34":2,"35":2,"36":2,"37":2,"38":2},"f":{"0":4,"1":6,"2":4,"3":6,"4":6},"b":{"0":[2,2],"1":[2,2],"2":[2,2]},"_coverageSchema":"1a1c01bbd47fc00a2c39e90264f33305004495a9","hash":"092d4f3773897ce03d7ee244376470c557c4337f"}
,"D:\\phoneStore-rpc\\src\\models\\phone.js": {"path":"D:\\phoneStore-rpc\\src\\models\\phone.js","statementMap":{"0":{"start":{"line":1,"column":22},"end":{"line":1,"column":42}},"1":{"start":{"line":2,"column":18},"end":{"line":2,"column":41}},"2":{"start":{"line":4,"column":14},"end":{"line":21,"column":2}},"3":{"start":{"line":23,"column":0},"end":{"line":23,"column":23}}},"fnMap":{},"branchMap":{},"s":{"0":2,"1":2,"2":2,"3":2},"f":{},"b":{},"_coverageSchema":"1a1c01bbd47fc00a2c39e90264f33305004495a9","hash":"7d3984ac8ed68dd36792ca1818b5e645c865dce2"}
}
