TN:
SF:src\sequelize.js
FNF:0
FNH:0
DA:1,2
DA:3,2
DA:8,2
LF:3
LH:3
BRF:0
BRH:0
end_of_record
TN:
SF:src\server.js
FN:18,(anonymous_0)
FN:45,(anonymous_1)
FNF:2
FNH:1
FNDA:13,(anonymous_0)
FNDA:0,(anonymous_1)
DA:1,1
DA:2,1
DA:3,1
DA:10,1
DA:12,1
DA:13,1
DA:15,1
DA:16,1
DA:18,1
DA:19,13
DA:20,13
DA:22,2
DA:23,2
DA:25,3
DA:26,3
DA:28,2
DA:29,2
DA:30,2
DA:32,3
DA:33,3
DA:34,3
DA:36,3
DA:37,3
DA:38,3
DA:40,0
DA:44,1
DA:45,0
DA:46,0
DA:50,1
LF:29
LH:26
BRDA:20,0,0,2
BRDA:20,0,1,3
BRDA:20,0,2,2
BRDA:20,0,3,3
BRDA:20,0,4,3
BRDA:20,0,5,0
BRDA:44,1,0,0
BRDA:44,1,1,1
BRF:8
BRH:6
end_of_record
TN:
SF:src\controllers\phonesController.js
FN:3,getAllPhonesRPC
FN:12,getPhoneByIMEIRPC
FN:25,addPhoneRPC
FN:36,updatePhoneRPC
FN:52,deletePhoneRPC
FNF:5
FNH:5
FNDA:4,getAllPhonesRPC
FNDA:6,getPhoneByIMEIRPC
FNDA:4,addPhoneRPC
FNDA:6,updatePhoneRPC
FNDA:6,deletePhoneRPC
DA:1,2
DA:4,4
DA:5,4
DA:6,2
DA:8,2
DA:13,6
DA:14,6
DA:15,6
DA:16,4
DA:17,2
DA:19,2
DA:21,2
DA:26,4
DA:27,4
DA:28,4
DA:29,4
DA:30,2
DA:32,2
DA:37,6
DA:38,6
DA:39,6
DA:40,6
DA:41,4
DA:42,2
DA:44,2
DA:45,2
DA:47,2
DA:48,2
DA:53,6
DA:54,6
DA:55,6
DA:56,6
DA:57,4
DA:58,2
DA:60,2
DA:61,2
DA:63,2
DA:64,2
DA:68,2
LF:39
LH:39
BRDA:16,0,0,2
BRDA:16,0,1,2
BRDA:41,1,0,2
BRDA:41,1,1,2
BRDA:57,2,0,2
BRDA:57,2,1,2
BRF:6
BRH:6
end_of_record
TN:
SF:src\models\phone.js
FNF:0
FNH:0
DA:1,2
DA:2,2
DA:4,2
DA:23,2
LF:4
LH:4
BRF:0
BRH:0
end_of_record
